<?xml version="1.0" encoding="UTF-8"?>
<!-- Generated by org.testng.reporters.JUnitReportReporter -->
<testsuite hostname="MSI" failures="0" tests="10" name="TestNG.WebMathProject1" time="38.637" errors="0" timestamp="2023-02-21T22:29:10 IST" skipped="0">
  <testcase classname="TestNG.WebMathProject1" name="general" time="2.918"/>
  <system-out/>
  <testcase classname="TestNG.WebMathProject1" name="hyperlink" time="2.383"/>
  <system-out/>
  <testcase classname="TestNG.WebMathProject1" name="contactus" time="1.983"/>
  <system-out/>
  <testcase classname="TestNG.WebMathProject1" name="privacy" time="6.360"/>
  <system-out/>
  <testcase classname="TestNG.WebMathProject1" name="FAQs" time="10.585"/>
  <system-out/>
  <testcase classname="TestNG.WebMathProject1" name="Dropdown" time="4.771"/>
  <system-out/>
  <testcase classname="TestNG.WebMathProject1" name="submit" time="1.677"/>
  <system-out/>
  <testcase classname="TestNG.WebMathProject1" name="backToMath" time="1.211"/>
  <system-out/>
  <testcase classname="TestNG.WebMathProject1" name="otherstaff" time="3.874"/>
  <system-out/>
  <testcase classname="TestNG.WebMathProject1" name="Trig" time="2.875"/>
  <system-out/>
</testsuite> <!-- TestNG.WebMathProject1 -->
